Detecting compiler hash for triplet x64-windows...
Compiler found: C:/Program Files/Microsoft Visual Studio/18/Community/VC/Tools/MSVC/14.50.35717/bin/Hostx64/x64/cl.exe
The following packages are already installed:
    boost-algorithm:x64-windows@1.90.0#1
  * boost-align:x64-windows@1.90.0#1
    boost-any:x64-windows@1.90.0#1
  * boost-array:x64-windows@1.90.0#1
  * boost-assert:x64-windows@1.90.0#1
  * boost-atomic:x64-windows@1.90.0#1
  * boost-bind:x64-windows@1.90.0#1
  * boost-charconv:x64-windows@1.90.0#1
  * boost-chrono:x64-windows@1.90.0#1
  * boost-cmake:x64-windows@1.90.0#1
  * boost-concept-check:x64-windows@1.90.0#1
  * boost-config:x64-windows@1.90.0#1
  * boost-container:x64-windows@1.90.0#1
  * boost-container-hash:x64-windows@1.90.0#1
  * boost-conversion:x64-windows@1.90.0#1
  * boost-core:x64-windows@1.90.0#1
    boost-date-time:x64-windows@1.90.0#1
  * boost-describe:x64-windows@1.90.0#1
  * boost-detail:x64-windows@1.90.0#1
  * boost-exception:x64-windows@1.90.0#1
    boost-filesystem:x64-windows@1.90.0#1
  * boost-function:x64-windows@1.90.0#1
  * boost-function-types:x64-windows@1.90.0#1
  * boost-functional:x64-windows@1.90.0#1
  * boost-fusion:x64-windows@1.90.0#1
  * boost-headers:x64-windows@1.90.0#1
  * boost-integer:x64-windows@1.90.0#1
  * boost-intrusive:x64-windows@1.90.0#1
  * boost-io:x64-windows@1.90.0#1
  * boost-iterator:x64-windows@1.90.0#1
  * boost-lexical-cast:x64-windows@1.90.0#1
    boost-locale:x64-windows@1.90.0#1
  * boost-move:x64-windows@1.90.0#1
  * boost-mp11:x64-windows@1.90.0#1
  * boost-mpl:x64-windows@1.90.0#1
  * boost-numeric-conversion:x64-windows@1.90.0#1
  * boost-optional:x64-windows@1.90.0#1
  * boost-predef:x64-windows@1.90.0#1
  * boost-preprocessor:x64-windows@1.90.0#1
  * boost-range:x64-windows@1.90.0#1
  * boost-ratio:x64-windows@1.90.0#1
  * boost-regex:x64-windows@1.90.0#1
  * boost-scope:x64-windows@1.90.0#1
    boost-scope-exit:x64-windows@1.90.0#1
    boost-smart-ptr:x64-windows@1.90.0#1
  * boost-static-assert:x64-windows@1.90.0#1
    boost-system:x64-windows@1.90.0#1
  * boost-thread:x64-windows@1.90.0#1
  * boost-throw-exception:x64-windows@1.90.0#1
  * boost-tokenizer:x64-windows@1.90.0#1
  * boost-tuple:x64-windows@1.90.0#1
  * boost-type-index:x64-windows@1.90.0#1
    boost-type-traits:x64-windows@1.90.0#1
  * boost-typeof:x64-windows@1.90.0#1
  * boost-uninstall:x64-windows@1.90.0#1
  * boost-unordered:x64-windows@1.90.0#1
    boost-utility:x64-windows@1.90.0#1
    boost-uuid:x64-windows@1.90.0#1
    boost-variant:x64-windows@1.90.0#1
  * boost-variant2:x64-windows@1.90.0#1
  * boost-winapi:x64-windows@1.90.0#1
  * brotli:x64-windows@1.2.0
  * bzip2[core,tool]:x64-windows@1.0.8#6
    faad2:x64-windows@2.11.2
  * fmt:x64-windows@12.1.0
    freetype[brotli,bzip2,core,png,zlib]:x64-windows@2.13.3
    libiconv:x64-windows@1.18#3
    liblzma:x64-windows@5.8.2
    libmad[aso,core]:x64-windows@0.16.4#4
    libogg:x64-windows@1.3.6#1
    libpng:x64-windows@1.6.55
    libvorbis:x64-windows@1.3.7#4
    libvpx:x64-windows@1.15.2#3
    libxml2[core,iconv,zlib]:x64-windows@2.15.1
    openal-soft:x64-windows@1.25.0
  * pkgconf:x64-windows@2.5.1#4
    sdl2:x64-windows@2.32.10
  * vcpkg-boost:x64-windows@2025-03-29
  * vcpkg-cmake:x64-windows@2024-04-23
  * vcpkg-cmake-config:x64-windows@2024-05-23
  * vcpkg-cmake-get-vars:x64-windows@2025-05-29
  * vcpkg-msbuild:x64-windows@2023-08-08
  * vcpkg-pkgconfig-get-modules:x64-windows@2024-04-03
  * vcpkg-tool-meson:x64-windows@1.9.0#3
    zlib:x64-windows@1.3.1
boost-type-traits provides CMake targets:

  # this is heuristically generated, and may not be correct
  find_package(boost_type_traits CONFIG REQUIRED)
  target_link_libraries(main PRIVATE Boost::type_traits)

boost-utility provides CMake targets:

  # this is heuristically generated, and may not be correct
  find_package(boost_utility CONFIG REQUIRED)
  target_link_libraries(main PRIVATE Boost::utility)

boost-smart-ptr provides CMake targets:

  # this is heuristically generated, and may not be correct
  find_package(boost_smart_ptr CONFIG REQUIRED)
  target_link_libraries(main PRIVATE Boost::smart_ptr)

boost-algorithm provides CMake targets:

  # this is heuristically generated, and may not be correct
  find_package(boost_algorithm CONFIG REQUIRED)
  target_link_libraries(main PRIVATE Boost::algorithm)

boost-any provides CMake targets:

  # this is heuristically generated, and may not be correct
  find_package(boost_any CONFIG REQUIRED)
  target_link_libraries(main PRIVATE Boost::any)

boost-date-time provides CMake targets:

  # this is heuristically generated, and may not be correct
  find_package(boost_date_time CONFIG REQUIRED)
  target_link_libraries(main PRIVATE Boost::date_time)

boost-system provides CMake targets:

  # this is heuristically generated, and may not be correct
  find_package(boost_system CONFIG REQUIRED)
  target_link_libraries(main PRIVATE Boost::system)

boost-filesystem provides CMake targets:

  # this is heuristically generated, and may not be correct
  find_package(boost_filesystem CONFIG REQUIRED)
  target_link_libraries(main PRIVATE Boost::filesystem)

boost-locale provides CMake targets:

  # this is heuristically generated, and may not be correct
  find_package(boost_locale CONFIG REQUIRED)
  target_link_libraries(main PRIVATE Boost::locale)

boost-scope-exit provides CMake targets:

  # this is heuristically generated, and may not be correct
  find_package(boost_scope_exit CONFIG REQUIRED)
  target_link_libraries(main PRIVATE Boost::scope_exit)

boost-uuid provides CMake targets:

  # this is heuristically generated, and may not be correct
  find_package(boost_uuid CONFIG REQUIRED)
  target_link_libraries(main PRIVATE Boost::uuid)

boost-variant provides CMake targets:

  # this is heuristically generated, and may not be correct
  find_package(boost_variant CONFIG REQUIRED)
  target_link_libraries(main PRIVATE Boost::variant)

faad2 provides pkg-config modules:

  # Freeware Advanced Audio (AAC) Decoder
  faad2

The package zlib is compatible with built-in CMake targets:

    find_package(ZLIB REQUIRED)
    target_link_libraries(main PRIVATE ZLIB::ZLIB)

libpng provides CMake targets:

  find_package(PNG REQUIRED)
  target_link_libraries(main PRIVATE PNG::PNG)

freetype is compatible with built-in CMake targets:

    find_package(Freetype REQUIRED)
    target_link_libraries(main PRIVATE Freetype::Freetype) # since CMake 3.10

libiconv provides CMake targets:

  find_package(Iconv REQUIRED)
  target_link_libraries(main PRIVATE Iconv::Iconv)

liblzma is compatible with built-in CMake targets:

    find_package(LibLZMA REQUIRED)
    target_link_libraries(main PRIVATE LibLZMA::LibLZMA)

liblzma provides CMake targets:

    find_package(liblzma CONFIG REQUIRED)
    target_link_libraries(main PRIVATE liblzma::liblzma)

libmad provides CMake targets:

  # this is heuristically generated, and may not be correct
  find_package(mad CONFIG REQUIRED)
  target_link_libraries(main PRIVATE mad::mad)

libmad provides pkg-config modules:

  # MPEG audio decoder library
  mad

libogg provides CMake targets:

  # this is heuristically generated, and may not be correct
  find_package(Ogg CONFIG REQUIRED)
  target_link_libraries(main PRIVATE Ogg::ogg)

libogg provides pkg-config modules:

  # ogg is a library for manipulating ogg bitstreams
  ogg

The package libvorbis provides CMake targets:

    # Vorbis reference encoder and decoder, low-level API
    find_package(Vorbis CONFIG REQUIRED)
    target_link_libraries(main PRIVATE Vorbis::vorbis)

    # Audio stream decoding and basic manipulation, high-level API
    find_package(Vorbis CONFIG REQUIRED)
    target_link_libraries(main PRIVATE Vorbis::vorbisfile)

    # Convenience API for setting up an encoding environment
    find_package(Vorbis CONFIG REQUIRED)
    target_link_libraries(main PRIVATE Vorbis::vorbisenc)

libvpx provides CMake targets:

  # this is heuristically generated, and may not be correct
  find_package(unofficial-libvpx CONFIG REQUIRED)
  target_link_libraries(main PRIVATE unofficial::libvpx::libvpx)

libvpx provides pkg-config modules:

  # WebM Project VPx codec implementation
  vpx

The package libxml2 is compatible with built-in CMake targets:

    find_package(LibXml2 REQUIRED)
    target_link_libraries(main PRIVATE LibXml2::LibXml2)

openal-soft provides CMake targets:

  # this is heuristically generated, and may not be correct
  find_package(OpenAL CONFIG REQUIRED)
  target_link_libraries(main PRIVATE OpenAL::OpenAL)

openal-soft provides pkg-config modules:

  # OpenAL is a cross-platform 3D audio API
  openal

sdl2 provides CMake targets:

    find_package(SDL2 CONFIG REQUIRED)
    target_link_libraries(main
        PRIVATE
        $<TARGET_NAME_IF_EXISTS:SDL2::SDL2main>
        $<IF:$<TARGET_EXISTS:SDL2::SDL2>,SDL2::SDL2,SDL2::SDL2-static>
    )

All requested installations completed successfully in: 1.12 ms
