[2026-03-25T23:40:03] xoreos 0.0.6+.dirty [.dirty] (2026-03-25T23:18:18Z)
[2026-03-25T23:40:03] Full command line: C:\Projects\Astryx\builds\xoreos-windows-x64-release-portable-r2\bin\Release\xoreos.exe -pD:\SteamLibrary\steamapps\common\swkotor --skipvideos=true --logfile=C:\Projects\Astryx\builds\xoreos-windows-x64-release-portable-r2\logs\xoreos-runtime.log --consolelog=C:\Projects\Astryx\builds\xoreos-windows-x64-release-portable-r2\logs\xoreos-console.log
[2026-03-25T23:40:03] Target "swkotor"
[2026-03-25T23:40:04] Found Max FSAA: 0x
[2026-03-25T23:40:04] OpenGL context successfully created:
[2026-03-25T23:40:04] OpenGL version: 2.1
[2026-03-25T23:40:04] FSAA level    : 0x
[2026-03-25T23:40:04] Initialising shaders...
[2026-03-25T23:40:04] shader default/text.vert loaded
[2026-03-25T23:40:04] shader default/text.frag loaded
[2026-03-25T23:40:04] shader default/texture.vert loaded
[2026-03-25T23:40:04] shader default/texture.frag loaded
[2026-03-25T23:40:04] shader default/textureMatrix.vert loaded
[2026-03-25T23:40:04] shader default/default.vert loaded
[2026-03-25T23:40:04] shader default/colour.frag loaded
[2026-03-25T23:40:04] Initialising default surfaces...
[2026-03-25T23:40:04] Initialising default materials...
[2026-03-25T23:40:04] Initialising default mesh containers...
[2026-03-25T23:40:04] Graphics subsystem initialized
[2026-03-25T23:40:04] Sound subsystem initialized
[2026-03-25T23:40:04] Event subsystem initialized
[2026-03-25T23:40:04] Detected game "Star Wars: Knights of the Old Republic"
[2026-03-25T23:40:04] [  0%] Declare languages (0.00s)
[2026-03-25T23:40:04] [  5%] Detecting game version (0.00s)
[2026-03-25T23:40:04] This is Star Wars: Knights of the Old Republic Windows v1.03.514077
[2026-03-25T23:40:04] Available languages:
[2026-03-25T23:40:04] - English
[2026-03-25T23:40:04] Using the first available language (English)
[2026-03-25T23:40:04] Setting the language to English
[2026-03-25T23:40:04] [ 11%] Loading user game config (0.01s)
[2026-03-25T23:40:04] [ 16%] Setting base directory (0.01s)
[2026-03-25T23:40:04] [ 22%] Adding extra archive directories (0.02s)
[2026-03-25T23:40:04] [ 27%] Loading main KEY (0.03s)
[2026-03-25T23:40:04] [ 33%] Loading global auxiliary resources (0.10s)
[2026-03-25T23:40:04] [ 38%] Loading GUI textures (0.11s)
[2026-03-25T23:40:04] [ 44%] Indexing extra sound resources (0.12s)
[2026-03-25T23:40:04] [ 50%] Indexing extra voice resources (0.15s)
[2026-03-25T23:40:05] [ 55%] Indexing extra music resources (0.74s)
[2026-03-25T23:40:05] [ 61%] Indexing extra movie resources (0.74s)
[2026-03-25T23:40:05] [ 66%] Indexing Windows-specific resources (0.74s)
[2026-03-25T23:40:05] [ 72%] Indexing override files (0.75s)
[2026-03-25T23:40:05] [ 77%] Loading main talk table (0.75s)
[2026-03-25T23:40:05] [ 83%] Registering file formats (0.76s)
[2026-03-25T23:40:05] [ 88%] Loading game cursors (0.76s)
[2026-03-25T23:40:05] [ 94%] Initializing internal game config (0.77s)
[2026-03-25T23:40:05] [100%] Successfully initialized the engine (0.77s)
[2026-03-25T23:40:05] Loading texture pack 2
[2026-03-25T23:40:05] WARNING: Failed to create texture "mainmenu_a00005" (-1)
[2026-03-25T23:40:05]     Because: No such image resource "mainmenu_a00005"
