[2026-03-26T00:16:35] xoreos 0.0.6+.dirty [.dirty] (2026-03-26T00:05:41Z)
[2026-03-26T00:16:35] Full command line: C:\Projects\Astryx\build-vcpkg\bin\Release\xoreos.exe -pD:\SteamLibrary\steamapps\common\swkotor --skipvideos=true --saveconf=false --logfile=C:\Projects\Astryx\build-vcpkg\xoreos-runtime-live-pass-long.log --consolelog=C:\Projects\Astryx\build-vcpkg\xoreos-console-live-pass-long.log
[2026-03-26T00:16:35] Target "swkotor"
[2026-03-26T00:16:36] Found Max FSAA: 0x
[2026-03-26T00:16:36] OpenGL context successfully created:
[2026-03-26T00:16:36] OpenGL version: 2.1
[2026-03-26T00:16:36] FSAA level    : 0x
[2026-03-26T00:16:36] Initialising shaders...
[2026-03-26T00:16:36] shader default/text.vert loaded
[2026-03-26T00:16:36] shader default/text.frag loaded
[2026-03-26T00:16:36] shader default/texture.vert loaded
[2026-03-26T00:16:36] shader default/texture.frag loaded
[2026-03-26T00:16:36] shader default/textureMatrix.vert loaded
[2026-03-26T00:16:36] shader default/default.vert loaded
[2026-03-26T00:16:36] shader default/colour.frag loaded
[2026-03-26T00:16:36] Initialising default surfaces...
[2026-03-26T00:16:36] Initialising default materials...
[2026-03-26T00:16:36] Initialising default mesh containers...
[2026-03-26T00:16:36] Graphics subsystem initialized
[2026-03-26T00:16:36] Sound subsystem initialized
[2026-03-26T00:16:36] Event subsystem initialized
[2026-03-26T00:16:36] Detected game "Star Wars: Knights of the Old Republic"
[2026-03-26T00:16:36] [  0%] Declare languages (0.00s)
[2026-03-26T00:16:36] [  5%] Detecting game version (0.00s)
[2026-03-26T00:16:36] This is Star Wars: Knights of the Old Republic Windows v1.03.514077
[2026-03-26T00:16:36] Available languages:
[2026-03-26T00:16:36] - English
[2026-03-26T00:16:36] Using the first available language (English)
[2026-03-26T00:16:36] Setting the language to English
[2026-03-26T00:16:36] [ 11%] Loading user game config (0.02s)
[2026-03-26T00:16:36] [ 16%] Setting base directory (0.02s)
[2026-03-26T00:16:36] [ 22%] Adding extra archive directories (0.02s)
[2026-03-26T00:16:36] [ 27%] Loading main KEY (0.09s)
[2026-03-26T00:16:36] [ 33%] Loading global auxiliary resources (0.16s)
[2026-03-26T00:16:36] [ 38%] Loading GUI textures (0.17s)
[2026-03-26T00:16:36] [ 44%] Indexing extra sound resources (0.18s)
[2026-03-26T00:16:36] [ 50%] Indexing extra voice resources (0.22s)
[2026-03-26T00:16:37] [ 55%] Indexing extra music resources (0.80s)
[2026-03-26T00:16:37] [ 61%] Indexing extra movie resources (0.81s)
[2026-03-26T00:16:37] [ 66%] Indexing Windows-specific resources (0.81s)
[2026-03-26T00:16:37] [ 72%] Indexing override files (0.82s)
[2026-03-26T00:16:37] [ 77%] Loading main talk table (0.82s)
[2026-03-26T00:16:37] [ 83%] Registering file formats (0.84s)
[2026-03-26T00:16:37] [ 88%] Loading game cursors (0.85s)
[2026-03-26T00:16:37] [ 94%] Initializing internal game config (0.85s)
[2026-03-26T00:16:37] [100%] Successfully initialized the engine (0.85s)
[2026-03-26T00:16:37] Loading texture pack 2
[2026-03-26T00:16:37] WARNING: Failed to create texture "mainmenu_a00005" (-1)
[2026-03-26T00:16:37]     Because: No such image resource "mainmenu_a00005"
