[2026-03-25T23:15:08] xoreos 0.0.6+.dirty [.dirty] (2026-03-23T22:58:43Z)
[2026-03-25T23:15:08] Full command line: C:\Projects\Astryx\build-vcpkg\bin\Debug\xoreos.exe -pD:\SteamLibrary\steamapps\common\swkotor --skipvideos=true --saveconf=false --logfile=C:\Projects\Astryx\build-vcpkg\xoreos-runtime.log --consolelog=C:\Projects\Astryx\build-vcpkg\xoreos-console-runtime.log
[2026-03-25T23:15:08] Target "swkotor"
[2026-03-25T23:15:08] Found Max FSAA: 0x
[2026-03-25T23:15:09] OpenGL context successfully created:
[2026-03-25T23:15:09] OpenGL version: 2.1
[2026-03-25T23:15:09] FSAA level    : 0x
[2026-03-25T23:15:09] Initialising shaders...
[2026-03-25T23:15:09] shader default/text.vert loaded
[2026-03-25T23:15:09] shader default/text.frag loaded
[2026-03-25T23:15:09] shader default/texture.vert loaded
[2026-03-25T23:15:09] shader default/texture.frag loaded
[2026-03-25T23:15:09] shader default/textureMatrix.vert loaded
[2026-03-25T23:15:09] shader default/default.vert loaded
[2026-03-25T23:15:09] shader default/colour.frag loaded
[2026-03-25T23:15:09] Initialising default surfaces...
[2026-03-25T23:15:09] Initialising default materials...
[2026-03-25T23:15:09] Initialising default mesh containers...
[2026-03-25T23:15:09] Graphics subsystem initialized
[2026-03-25T23:15:09] Sound subsystem initialized
[2026-03-25T23:15:09] Event subsystem initialized
[2026-03-25T23:15:09] Detected game "Star Wars: Knights of the Old Republic"
[2026-03-25T23:15:09] [  0%] Declare languages (0.00s)
[2026-03-25T23:15:09] [  5%] Detecting game version (0.00s)
[2026-03-25T23:15:09] This is Star Wars: Knights of the Old Republic Windows v1.03.514077
[2026-03-25T23:15:09] Available languages:
[2026-03-25T23:15:09] - English
[2026-03-25T23:15:09] Using the first available language (English)
[2026-03-25T23:15:09] Setting the language to English
[2026-03-25T23:15:09] [ 11%] Loading user game config (0.06s)
[2026-03-25T23:15:09] [ 16%] Setting base directory (0.06s)
[2026-03-25T23:15:09] [ 22%] Adding extra archive directories (0.07s)
[2026-03-25T23:15:09] [ 27%] Loading main KEY (0.42s)
[2026-03-25T23:15:16] [ 33%] Loading global auxiliary resources (7.56s)
[2026-03-25T23:15:18] [ 38%] Loading GUI textures (9.19s)
[2026-03-25T23:15:18] [ 44%] Indexing extra sound resources (9.63s)
[2026-03-25T23:15:19] [ 50%] Indexing extra voice resources (10.77s)
[2026-03-25T23:15:34] [ 55%] Indexing extra music resources (25.42s)
[2026-03-25T23:15:34] [ 61%] Indexing extra movie resources (25.53s)
[2026-03-25T23:15:34] [ 66%] Indexing Windows-specific resources (25.58s)
[2026-03-25T23:15:34] [ 72%] Indexing override files (25.72s)
[2026-03-25T23:15:34] [ 77%] Loading main talk table (25.75s)
[2026-03-25T23:15:35] [ 83%] Registering file formats (26.71s)
[2026-03-25T23:15:35] [ 88%] Loading game cursors (26.71s)
[2026-03-25T23:15:35] [ 94%] Initializing internal game config (26.82s)
[2026-03-25T23:15:35] [100%] Successfully initialized the engine (26.82s)
[2026-03-25T23:15:35] ERROR: Failed to register NWScript function "GetAttemptedSpellTarget"
[2026-03-25T23:15:35] Shutting down
[2026-03-25T23:15:36] Cleaning up shaders...
