[2026-03-25T23:25:11] xoreos 0.0.6+.dirty [.dirty] (2026-03-25T23:18:18Z)
[2026-03-25T23:25:11] Full command line: C:\Projects\Astryx\build-vcpkg\bin\Debug\xoreos.exe -pD:\SteamLibrary\steamapps\common\swkotor --skipvideos=true --saveconf=false --logfile=C:\Projects\Astryx\build-vcpkg\xoreos-runtime-after-fix2.log --consolelog=C:\Projects\Astryx\build-vcpkg\xoreos-console-after-fix2.log
[2026-03-25T23:25:11] Target "swkotor"
[2026-03-25T23:25:12] Found Max FSAA: 0x
[2026-03-25T23:25:12] OpenGL context successfully created:
[2026-03-25T23:25:12] OpenGL version: 2.1
[2026-03-25T23:25:12] FSAA level    : 0x
[2026-03-25T23:25:12] Initialising shaders...
[2026-03-25T23:25:12] shader default/text.vert loaded
[2026-03-25T23:25:12] shader default/text.frag loaded
[2026-03-25T23:25:12] shader default/texture.vert loaded
[2026-03-25T23:25:12] shader default/texture.frag loaded
[2026-03-25T23:25:12] shader default/textureMatrix.vert loaded
[2026-03-25T23:25:12] shader default/default.vert loaded
[2026-03-25T23:25:12] shader default/colour.frag loaded
[2026-03-25T23:25:12] Initialising default surfaces...
[2026-03-25T23:25:12] Initialising default materials...
[2026-03-25T23:25:12] Initialising default mesh containers...
[2026-03-25T23:25:12] Graphics subsystem initialized
[2026-03-25T23:25:12] Sound subsystem initialized
[2026-03-25T23:25:12] Event subsystem initialized
[2026-03-25T23:25:12] Detected game "Star Wars: Knights of the Old Republic"
[2026-03-25T23:25:12] [  0%] Declare languages (0.00s)
[2026-03-25T23:25:12] [  5%] Detecting game version (0.00s)
[2026-03-25T23:25:12] This is Star Wars: Knights of the Old Republic Windows v1.03.514077
[2026-03-25T23:25:12] Available languages:
[2026-03-25T23:25:12] - English
[2026-03-25T23:25:12] Using the first available language (English)
[2026-03-25T23:25:12] Setting the language to English
[2026-03-25T23:25:12] [ 11%] Loading user game config (0.04s)
[2026-03-25T23:25:12] [ 16%] Setting base directory (0.04s)
[2026-03-25T23:25:12] [ 22%] Adding extra archive directories (0.06s)
[2026-03-25T23:25:12] [ 27%] Loading main KEY (0.36s)
[2026-03-25T23:25:20] [ 33%] Loading global auxiliary resources (7.75s)
[2026-03-25T23:25:21] [ 38%] Loading GUI textures (9.47s)
[2026-03-25T23:25:22] [ 44%] Indexing extra sound resources (9.95s)
[2026-03-25T23:25:23] [ 50%] Indexing extra voice resources (11.09s)
[2026-03-25T23:25:37] [ 55%] Indexing extra music resources (25.46s)
[2026-03-25T23:25:37] [ 61%] Indexing extra movie resources (25.56s)
[2026-03-25T23:25:37] [ 66%] Indexing Windows-specific resources (25.61s)
[2026-03-25T23:25:38] [ 72%] Indexing override files (25.74s)
[2026-03-25T23:25:38] [ 77%] Loading main talk table (25.77s)
[2026-03-25T23:25:39] [ 83%] Registering file formats (26.73s)
[2026-03-25T23:25:39] [ 88%] Loading game cursors (26.74s)
[2026-03-25T23:25:39] [ 94%] Initializing internal game config (26.84s)
[2026-03-25T23:25:39] [100%] Successfully initialized the engine (26.84s)
[2026-03-25T23:25:39] Loading texture pack 2
[2026-03-25T23:25:40] WARNING: Failed to create texture "mainmenu_a00005" (-1)
[2026-03-25T23:25:40]     Because: No such image resource "mainmenu_a00005"
