[2026-03-25T23:23:41] xoreos 0.0.6+.dirty [.dirty] (2026-03-25T23:18:18Z)
[2026-03-25T23:23:41] Full command line: C:\Projects\Astryx\build-vcpkg\bin\Debug\xoreos.exe -pD:\SteamLibrary\steamapps\common\swkotor --skipvideos=true --saveconf=false --logfile=C:\Projects\Astryx\build-vcpkg\xoreos-runtime-after-fix.log --consolelog=C:\Projects\Astryx\build-vcpkg\xoreos-console-after-fix.log
[2026-03-25T23:23:41] Target "swkotor"
[2026-03-25T23:23:41] Found Max FSAA: 0x
[2026-03-25T23:23:41] OpenGL context successfully created:
[2026-03-25T23:23:41] OpenGL version: 2.1
[2026-03-25T23:23:41] FSAA level    : 0x
[2026-03-25T23:23:41] Initialising shaders...
[2026-03-25T23:23:41] shader default/text.vert loaded
[2026-03-25T23:23:41] shader default/text.frag loaded
[2026-03-25T23:23:41] shader default/texture.vert loaded
[2026-03-25T23:23:41] shader default/texture.frag loaded
[2026-03-25T23:23:41] shader default/textureMatrix.vert loaded
[2026-03-25T23:23:41] shader default/default.vert loaded
[2026-03-25T23:23:41] shader default/colour.frag loaded
[2026-03-25T23:23:41] Initialising default surfaces...
[2026-03-25T23:23:41] Initialising default materials...
[2026-03-25T23:23:41] Initialising default mesh containers...
[2026-03-25T23:23:41] Graphics subsystem initialized
[2026-03-25T23:23:41] Sound subsystem initialized
[2026-03-25T23:23:41] Event subsystem initialized
[2026-03-25T23:23:41] Detected game "Star Wars: Knights of the Old Republic"
[2026-03-25T23:23:41] [  0%] Declare languages (0.00s)
[2026-03-25T23:23:41] [  5%] Detecting game version (0.00s)
[2026-03-25T23:23:41] This is Star Wars: Knights of the Old Republic Windows v1.03.514077
[2026-03-25T23:23:41] Available languages:
[2026-03-25T23:23:41] - English
[2026-03-25T23:23:41] Using the first available language (English)
[2026-03-25T23:23:41] Setting the language to English
[2026-03-25T23:23:41] [ 11%] Loading user game config (0.04s)
[2026-03-25T23:23:41] [ 16%] Setting base directory (0.04s)
[2026-03-25T23:23:41] [ 22%] Adding extra archive directories (0.06s)
[2026-03-25T23:23:42] [ 27%] Loading main KEY (0.36s)
[2026-03-25T23:23:49] [ 33%] Loading global auxiliary resources (7.35s)
[2026-03-25T23:23:50] [ 38%] Loading GUI textures (8.99s)
[2026-03-25T23:23:51] [ 44%] Indexing extra sound resources (9.45s)
[2026-03-25T23:23:52] [ 50%] Indexing extra voice resources (10.58s)
[2026-03-25T23:24:06] [ 55%] Indexing extra music resources (24.74s)
[2026-03-25T23:24:06] [ 61%] Indexing extra movie resources (24.85s)
[2026-03-25T23:24:06] [ 66%] Indexing Windows-specific resources (24.89s)
[2026-03-25T23:24:06] [ 72%] Indexing override files (25.02s)
[2026-03-25T23:24:06] [ 77%] Loading main talk table (25.04s)
[2026-03-25T23:24:07] [ 83%] Registering file formats (25.99s)
[2026-03-25T23:24:07] [ 88%] Loading game cursors (26.00s)
[2026-03-25T23:24:07] [ 94%] Initializing internal game config (26.10s)
[2026-03-25T23:24:07] [100%] Successfully initialized the engine (26.10s)
[2026-03-25T23:24:07] ERROR: Failed to register NWScript function "GetLockUnlockDC"
[2026-03-25T23:24:07] Shutting down
[2026-03-25T23:24:08] Cleaning up shaders...
