2026-03-25 19:51:54,220 - root - DEBUG - Loading 'Override' resources list from installation...
2026-03-25 19:51:54,221 - root - DEBUG - No resources found at 'D:\SteamLibrary\steamapps\common\swkotor\Override' when loading the installation, skipping...
2026-03-25 19:51:54,221 - root - DEBUG - Loading 'Modules' resources dict from installation...
2026-03-25 19:51:54,826 - root - DEBUG - Loading BIFs from chitin.key at 'D:\SteamLibrary\steamapps\common\swkotor'...
2026-03-25 19:51:55,589 - root - DEBUG - Done loading chitin
2026-03-25 19:52:03,446 - root - DEBUG - Loading 'streammusic' resources list from installation...
2026-03-25 19:52:03,457 - root - DEBUG - Loading 'streamsounds' resources list from installation...
2026-03-25 19:52:04,901 - root - DEBUG - Loading 'texturepacks' resources dict from installation...
2026-03-25 19:52:05,316 - root - DEBUG - Loading BIFs from chitin.key at 'D:\SteamLibrary\steamapps\common\swkotor'...
2026-03-25 19:52:06,290 - root - DEBUG - Done loading chitin
2026-03-25 19:52:06,320 - root - DEBUG - Loading 'Override' resources list from installation...
2026-03-25 19:52:06,321 - root - DEBUG - No resources found at 'D:\SteamLibrary\steamapps\common\swkotor\Override' when loading the installation, skipping...
2026-03-25 19:52:06,321 - root - DEBUG - Loading 'Modules' resources dict from installation...
2026-03-25 19:52:07,251 - root - DEBUG - Loading 'lips' resources dict from installation...
2026-03-25 19:52:22,189 - root - DEBUG - Loading 'Override' resources list from installation...
2026-03-25 19:52:22,189 - root - DEBUG - No resources found at 'D:\SteamLibrary\steamapps\common\swkotor\Override' when loading the installation, skipping...
2026-03-25 19:52:22,190 - root - DEBUG - Loading 'Modules' resources dict from installation...
2026-03-25 19:52:23,187 - root - DEBUG - Loading BIFs from chitin.key at 'D:\SteamLibrary\steamapps\common\swkotor'...
2026-03-25 19:52:24,265 - root - DEBUG - Done loading chitin
2026-03-25 19:52:31,041 - root - DEBUG - Loading 'Override' resources list from installation...
2026-03-25 19:52:31,041 - root - DEBUG - No resources found at 'D:\SteamLibrary\steamapps\common\swkotor\Override' when loading the installation, skipping...
2026-03-25 19:52:31,042 - root - DEBUG - Loading 'Modules' resources dict from installation...
2026-03-25 19:52:31,824 - root - DEBUG - Loading BIFs from chitin.key at 'D:\SteamLibrary\steamapps\common\swkotor'...
2026-03-25 19:52:32,873 - root - DEBUG - Done loading chitin
2026-03-25 19:52:40,519 - root - DEBUG - Loading 'Override' resources list from installation...
2026-03-25 19:52:40,519 - root - DEBUG - No resources found at 'D:\SteamLibrary\steamapps\common\swkotor\Override' when loading the installation, skipping...
2026-03-25 19:52:40,520 - root - DEBUG - Loading 'Modules' resources dict from installation...
2026-03-25 19:52:41,292 - root - DEBUG - Loading BIFs from chitin.key at 'D:\SteamLibrary\steamapps\common\swkotor'...
2026-03-25 19:52:42,124 - root - DEBUG - Done loading chitin
2026-03-25 19:52:50,456 - root - DEBUG - Loading 'Override' resources list from installation...
2026-03-25 19:52:50,456 - root - DEBUG - No resources found at 'D:\SteamLibrary\steamapps\common\swkotor\Override' when loading the installation, skipping...
2026-03-25 19:52:50,457 - root - DEBUG - Loading 'Modules' resources dict from installation...
2026-03-25 19:52:51,176 - root - DEBUG - Loading BIFs from chitin.key at 'D:\SteamLibrary\steamapps\common\swkotor'...
2026-03-25 19:52:51,980 - root - DEBUG - Done loading chitin
2026-03-25 19:53:11,845 - root - DEBUG - Loading 'Override' resources list from installation...
2026-03-25 19:53:11,846 - root - DEBUG - No resources found at 'D:\SteamLibrary\steamapps\common\swkotor\Override' when loading the installation, skipping...
2026-03-25 19:53:11,846 - root - DEBUG - Loading 'Modules' resources dict from installation...
2026-03-25 19:53:12,629 - root - DEBUG - Loading BIFs from chitin.key at 'D:\SteamLibrary\steamapps\common\swkotor'...
2026-03-25 19:53:13,721 - root - DEBUG - Done loading chitin
2026-03-25 19:53:25,702 - root - DEBUG - Loading 'streammusic' resources list from installation...
2026-03-25 19:53:25,709 - root - DEBUG - Loading 'streamsounds' resources list from installation...
2026-03-25 19:53:26,590 - root - DEBUG - Loading 'texturepacks' resources dict from installation...
2026-03-25 19:53:26,809 - root - DEBUG - Loading BIFs from chitin.key at 'D:\SteamLibrary\steamapps\common\swkotor'...
2026-03-25 19:53:27,356 - root - DEBUG - Done loading chitin
2026-03-25 19:53:27,371 - root - DEBUG - Loading 'Override' resources list from installation...
2026-03-25 19:53:27,371 - root - DEBUG - No resources found at 'D:\SteamLibrary\steamapps\common\swkotor\Override' when loading the installation, skipping...
2026-03-25 19:53:27,372 - root - DEBUG - Loading 'Modules' resources dict from installation...
2026-03-25 19:53:27,871 - root - DEBUG - Loading 'lips' resources dict from installation...
2026-03-25 19:53:35,145 - root - DEBUG - Loading 'Override' resources list from installation...
2026-03-25 19:53:35,146 - root - DEBUG - No resources found at 'D:\SteamLibrary\steamapps\common\swkotor\Override' when loading the installation, skipping...
2026-03-25 19:53:35,146 - root - DEBUG - Loading 'Modules' resources dict from installation...
2026-03-25 19:53:35,590 - root - DEBUG - Loading BIFs from chitin.key at 'D:\SteamLibrary\steamapps\common\swkotor'...
2026-03-25 19:53:36,131 - root - DEBUG - Done loading chitin
